19.1794 	WARNING 	We strongly recommend you activate the PTB sound engine in PsychoPy prefs as the preferred audio engine. Its timing is vastly superior. Your prefs are currently set to use ['sounddevice', 'PTB', 'pyo', 'pygame'] (in that order).
86.9755 	WARNING 	User requested fullscreen with size [1024  768], but screen is actually [1366, 768]. Using actual size
90.0668 	EXP 	Created window1 = Window(allowGUI=True, allowStencil=False, autoLog=True, backendConf=UNKNOWN, bitsMode=UNKNOWN, blendMode='avg', bpc=(8, 8, 8), color=array([0, 0, 0]), colorSpace='rgb', depthBits=8, fullscr=<method-wrapper '__getattribute__' of attributeSetter object at 0x000001645B67ACA0>, gamma=None, gammaErrorPolicy='raise', lms=UNKNOWN, monitor=<psychopy.monitors.calibTools.Monitor object at 0x000001645CB116D0>, multiSample=False, name='window1', numSamples=2, pos=(0, 0), screen=0, size=array([1366,  768]), stencilBits=0, stereo=False, units='height', useFBO=True, useRetina=False, viewOri=0.0, viewPos=None, viewScale=None, waitBlanking=True, winType='pyglet')
90.0669 	EXP 	window1: mouseVisible = True
90.0671 	EXP 	window1: mouseVisible = False
90.0671 	EXP 	window1: Attempting to measure frame rate of screen (0) ...
90.0671 	EXP 	window1: recordFrameIntervals = False
90.2329 	EXP 	window1: recordFrameIntervals = True
90.4167 	EXP 	Screen (0) actual frame rate measured at 59.96Hz
90.4167 	EXP 	window1: recordFrameIntervals = False
132.3667 	EXP 	Created polygon = ShapeStim(__class__=<class 'psychopy.visual.shape.ShapeStim'>, anchor=('center', 'center'), autoDraw=False, autoLog=True, closeShape=True, color=method-wrapper(...), colorSpace='rgb', contrast=None, depth=-1.0, fillColor=array([1, 1, 1]), fillColorSpace='rgb', fillRGB=array([1, 1, 1]), interpolate=True, lineColor=array([1, 1, 1]), lineColorSpace='rgb', lineRGB=array([1, 1, 1]), lineWidth=1.0, name='polygon', opacity=1.0, ori=0.0, pos=array([0., 0.]), size=array([10., 10.]), units='pix', vertices=ndarray(...), win=Window(...), windingRule=None)
132.4799 	EXP 	Created grating = GratingStim(__class__=<class 'psychopy.visual.grating.GratingStim'>, anchor='center', autoDraw=False, autoLog=True, blendmode='avg', color=array([1, 1, 1]), colorSpace='rgb', contrast=1.0, depth=-2.0, interpolate=True, mask='circle', maskParams=None, name='grating', opacity=1.0, ori=1.0, phase=array([0., 0.]), pos=array([0., 0.]), rgbPedestal=array([0., 0., 0.]), sf=array([5., 5.]), size=array([0.1, 0.1]), tex='sin', texRes=128.0, units='height', win=Window(...))
132.5290 	EXP 	Imported C:/Users/Dell 3148/Desktop/New Microsoft Excel Worksheet.xlsx as conditions, 1 conditions, 5 params
133.5725 	EXP 	window1: recordFrameIntervals = False
133.6282 	DATA 	Keypress: right
133.6378 	EXP 	polygon: autoDraw = True
133.6380 	EXP 	window1: recordFrameIntervals = False
134.6727 	EXP 	grating: autoDraw = True
134.6727 	EXP 	grating: tex = 'sin'
134.6958 	EXP 	polygon: autoDraw = False
134.9798 	EXP 	grating: autoDraw = False
147.7860 	EXP 	window1: recordFrameIntervals = False
147.7871 	DATA 	Keypress: right
147.7955 	EXP 	polygon: autoDraw = False
147.7955 	EXP 	grating: autoDraw = False
147.7958 	EXP 	window1: recordFrameIntervals = False
148.7993 	EXP 	polygon: autoDraw = True
149.5362 	DATA 	Keypress: left
149.8006 	EXP 	polygon: autoDraw = False
149.8006 	EXP 	grating: autoDraw = True
149.8006 	EXP 	grating: tex = 'sin'
150.1008 	EXP 	grating: autoDraw = False
151.8198 	EXP 	window1: recordFrameIntervals = False
151.8209 	DATA 	Keypress: right
151.8346 	EXP 	polygon: autoDraw = False
151.8346 	EXP 	grating: autoDraw = False
151.8348 	EXP 	window1: recordFrameIntervals = False
152.8339 	EXP 	polygon: autoDraw = True
152.9550 	DATA 	Keypress: left
153.8190 	EXP 	grating: autoDraw = True
153.8190 	EXP 	grating: tex = 'sin'
153.8355 	EXP 	polygon: autoDraw = False
154.1198 	EXP 	grating: autoDraw = False
154.3716 	EXP 	window1: recordFrameIntervals = False
154.3727 	DATA 	Keypress: left
154.3855 	EXP 	polygon: autoDraw = False
154.3855 	EXP 	grating: autoDraw = False
154.3856 	EXP 	window1: recordFrameIntervals = False
155.3948 	EXP 	polygon: autoDraw = True
156.3719 	EXP 	grating: autoDraw = True
156.3719 	EXP 	grating: tex = 'sin'
156.4052 	EXP 	polygon: autoDraw = False
156.6712 	EXP 	grating: autoDraw = False
156.8412 	EXP 	window1: recordFrameIntervals = False
156.8428 	DATA 	Keypress: left
156.8560 	EXP 	polygon: autoDraw = False
156.8560 	EXP 	grating: autoDraw = False
156.8563 	EXP 	window1: recordFrameIntervals = False
157.8553 	EXP 	polygon: autoDraw = True
158.8547 	EXP 	polygon: autoDraw = False
158.8547 	EXP 	grating: autoDraw = True
158.8547 	EXP 	grating: tex = 'sin'
159.1556 	EXP 	grating: autoDraw = False
159.2089 	DATA 	Keypress: left
159.2253 	EXP 	window1: recordFrameIntervals = False
159.2386 	EXP 	polygon: autoDraw = False
159.2386 	EXP 	grating: autoDraw = False
159.2389 	EXP 	window1: recordFrameIntervals = False
160.2374 	EXP 	polygon: autoDraw = True
161.2383 	EXP 	polygon: autoDraw = False
161.2383 	EXP 	grating: autoDraw = True
161.2383 	EXP 	grating: tex = 'sin'
161.5393 	EXP 	grating: autoDraw = False
161.5923 	EXP 	window1: recordFrameIntervals = False
161.5940 	DATA 	Keypress: left
161.6064 	EXP 	polygon: autoDraw = False
161.6064 	EXP 	grating: autoDraw = False
161.6066 	EXP 	window1: recordFrameIntervals = False
162.6049 	EXP 	polygon: autoDraw = True
163.6071 	EXP 	polygon: autoDraw = False
163.6071 	EXP 	grating: autoDraw = True
163.6071 	EXP 	grating: tex = 'sin'
163.9079 	EXP 	grating: autoDraw = False
163.9764 	EXP 	window1: recordFrameIntervals = False
163.9782 	DATA 	Keypress: left
163.9908 	EXP 	polygon: autoDraw = False
163.9908 	EXP 	grating: autoDraw = False
163.9911 	EXP 	window1: recordFrameIntervals = False
164.9886 	EXP 	polygon: autoDraw = True
165.9893 	EXP 	polygon: autoDraw = False
165.9893 	EXP 	grating: autoDraw = True
165.9893 	EXP 	grating: tex = 'sin'
166.2902 	EXP 	grating: autoDraw = False
166.3939 	EXP 	window1: recordFrameIntervals = False
166.3962 	DATA 	Keypress: right
166.4086 	EXP 	polygon: autoDraw = False
166.4086 	EXP 	grating: autoDraw = False
166.4088 	EXP 	window1: recordFrameIntervals = False
167.4067 	EXP 	polygon: autoDraw = True
168.4078 	EXP 	polygon: autoDraw = False
168.4078 	EXP 	grating: autoDraw = True
168.4078 	EXP 	grating: tex = 'sin'
168.7234 	EXP 	grating: autoDraw = False
168.8089 	EXP 	window1: recordFrameIntervals = False
168.8099 	DATA 	Keypress: right
168.8231 	EXP 	polygon: autoDraw = False
168.8231 	EXP 	grating: autoDraw = False
168.8234 	EXP 	window1: recordFrameIntervals = False
169.8259 	EXP 	polygon: autoDraw = True
170.8083 	EXP 	grating: autoDraw = True
170.8083 	EXP 	grating: tex = 'sin'
170.8414 	EXP 	polygon: autoDraw = False
171.1082 	EXP 	grating: autoDraw = False
171.1296 	EXP 	window1: recordFrameIntervals = False
171.1317 	DATA 	Keypress: left
171.1430 	EXP 	polygon: autoDraw = False
171.1430 	EXP 	grating: autoDraw = False
171.1433 	EXP 	window1: recordFrameIntervals = False
172.1411 	EXP 	polygon: autoDraw = True
173.1425 	EXP 	polygon: autoDraw = False
173.1425 	EXP 	grating: autoDraw = True
173.1425 	EXP 	grating: tex = 'sin'
173.4580 	EXP 	grating: autoDraw = False
173.7613 	EXP 	window1: recordFrameIntervals = False
173.7625 	DATA 	Keypress: left
173.7754 	EXP 	polygon: autoDraw = False
173.7754 	EXP 	grating: autoDraw = False
173.7756 	EXP 	window1: recordFrameIntervals = False
174.7748 	EXP 	polygon: autoDraw = True
175.7750 	EXP 	polygon: autoDraw = False
175.7750 	EXP 	grating: autoDraw = True
175.7750 	EXP 	grating: tex = 'sin'
176.0754 	EXP 	grating: autoDraw = False
176.2771 	EXP 	window1: recordFrameIntervals = False
176.2781 	DATA 	Keypress: left
176.2919 	EXP 	polygon: autoDraw = False
176.2919 	EXP 	grating: autoDraw = False
176.2921 	EXP 	window1: recordFrameIntervals = False
177.2912 	EXP 	polygon: autoDraw = True
178.2759 	EXP 	grating: autoDraw = True
178.2759 	EXP 	grating: tex = 'sin'
178.2925 	EXP 	polygon: autoDraw = False
178.5766 	EXP 	grating: autoDraw = False
178.7448 	EXP 	window1: recordFrameIntervals = False
178.7459 	DATA 	Keypress: left
178.7603 	EXP 	polygon: autoDraw = False
178.7603 	EXP 	grating: autoDraw = False
178.7605 	EXP 	window1: recordFrameIntervals = False
179.7584 	EXP 	polygon: autoDraw = True
180.7437 	EXP 	grating: autoDraw = True
180.7437 	EXP 	grating: tex = 'sin'
180.7603 	EXP 	polygon: autoDraw = False
181.0438 	EXP 	grating: autoDraw = False
181.2626 	EXP 	window1: recordFrameIntervals = False
181.2638 	DATA 	Keypress: right
181.2769 	EXP 	polygon: autoDraw = False
181.2769 	EXP 	grating: autoDraw = False
181.2771 	EXP 	window1: recordFrameIntervals = False
182.2760 	EXP 	polygon: autoDraw = True
183.2614 	EXP 	grating: autoDraw = True
183.2614 	EXP 	grating: tex = 'sin'
183.2780 	EXP 	polygon: autoDraw = False
183.5612 	EXP 	grating: autoDraw = False
183.6469 	EXP 	window1: recordFrameIntervals = False
183.6479 	DATA 	Keypress: left
183.6615 	EXP 	polygon: autoDraw = False
183.6615 	EXP 	grating: autoDraw = False
183.6617 	EXP 	window1: recordFrameIntervals = False
184.6600 	EXP 	polygon: autoDraw = True
185.6616 	EXP 	polygon: autoDraw = False
185.6616 	EXP 	grating: autoDraw = True
185.6616 	EXP 	grating: tex = 'sin'
185.9615 	EXP 	grating: autoDraw = False
186.1637 	EXP 	window1: recordFrameIntervals = False
186.1648 	DATA 	Keypress: left
186.1785 	EXP 	polygon: autoDraw = False
186.1785 	EXP 	grating: autoDraw = False
186.1787 	EXP 	window1: recordFrameIntervals = False
187.1772 	EXP 	polygon: autoDraw = True
188.1620 	EXP 	grating: autoDraw = True
188.1620 	EXP 	grating: tex = 'sin'
188.1789 	EXP 	polygon: autoDraw = False
188.4622 	EXP 	grating: autoDraw = False
188.5143 	EXP 	window1: recordFrameIntervals = False
188.5153 	DATA 	Keypress: left
188.5289 	EXP 	polygon: autoDraw = False
188.5289 	EXP 	grating: autoDraw = False
188.5291 	EXP 	window1: recordFrameIntervals = False
189.5284 	EXP 	polygon: autoDraw = True
190.5132 	EXP 	grating: autoDraw = True
190.5132 	EXP 	grating: tex = 'sin'
190.5300 	EXP 	polygon: autoDraw = False
190.8129 	EXP 	grating: autoDraw = False
190.8817 	EXP 	window1: recordFrameIntervals = False
190.8827 	DATA 	Keypress: right
190.8965 	EXP 	polygon: autoDraw = False
190.8965 	EXP 	grating: autoDraw = False
190.8967 	EXP 	window1: recordFrameIntervals = False
191.8953 	EXP 	polygon: autoDraw = True
192.8811 	EXP 	grating: autoDraw = True
192.8811 	EXP 	grating: tex = 'sin'
192.8976 	EXP 	polygon: autoDraw = False
193.1811 	EXP 	grating: autoDraw = False
193.2999 	EXP 	window1: recordFrameIntervals = False
193.3010 	DATA 	Keypress: right
193.3141 	EXP 	polygon: autoDraw = False
193.3141 	EXP 	grating: autoDraw = False
193.3143 	EXP 	window1: recordFrameIntervals = False
194.3133 	EXP 	polygon: autoDraw = True
195.3147 	EXP 	polygon: autoDraw = False
195.3147 	EXP 	grating: autoDraw = True
195.3147 	EXP 	grating: tex = 'sin'
195.6146 	EXP 	grating: autoDraw = False
195.7505 	EXP 	window1: recordFrameIntervals = False
195.7515 	DATA 	Keypress: right
195.7646 	EXP 	polygon: autoDraw = False
195.7646 	EXP 	grating: autoDraw = False
195.7648 	EXP 	window1: recordFrameIntervals = False
196.7637 	EXP 	polygon: autoDraw = True
197.7486 	EXP 	grating: autoDraw = True
197.7486 	EXP 	grating: tex = 'sin'
197.7650 	EXP 	polygon: autoDraw = False
198.0487 	EXP 	grating: autoDraw = False
198.0506 	EXP 	window1: recordFrameIntervals = False
198.0516 	DATA 	Keypress: right
198.0653 	EXP 	polygon: autoDraw = False
198.0653 	EXP 	grating: autoDraw = False
198.0654 	EXP 	window1: recordFrameIntervals = False
199.0643 	EXP 	polygon: autoDraw = True
200.0658 	EXP 	polygon: autoDraw = False
200.0658 	EXP 	grating: autoDraw = True
200.0658 	EXP 	grating: tex = 'sin'
200.3513 	EXP 	window1: recordFrameIntervals = False
200.3523 	DATA 	Keypress: right
200.3661 	EXP 	grating: autoDraw = False
200.3661 	EXP 	polygon: autoDraw = False
200.3661 	EXP 	grating: autoDraw = False
200.3663 	EXP 	window1: recordFrameIntervals = False
201.3651 	EXP 	polygon: autoDraw = True
202.3666 	EXP 	polygon: autoDraw = False
202.3666 	EXP 	grating: autoDraw = True
202.3666 	EXP 	grating: tex = 'sin'
202.6664 	EXP 	grating: autoDraw = False
202.6683 	EXP 	window1: recordFrameIntervals = False
202.6693 	DATA 	Keypress: right
202.6832 	EXP 	polygon: autoDraw = False
202.6832 	EXP 	grating: autoDraw = False
202.6833 	EXP 	window1: recordFrameIntervals = False
203.6823 	EXP 	polygon: autoDraw = True
204.6674 	EXP 	grating: autoDraw = True
204.6674 	EXP 	grating: tex = 'sin'
204.6842 	EXP 	polygon: autoDraw = False
204.9685 	EXP 	grating: autoDraw = False
205.0358 	DATA 	Keypress: left
205.0526 	EXP 	window1: recordFrameIntervals = False
205.0674 	EXP 	polygon: autoDraw = False
205.0674 	EXP 	grating: autoDraw = False
205.0676 	EXP 	window1: recordFrameIntervals = False
206.0673 	EXP 	polygon: autoDraw = True
207.0679 	EXP 	polygon: autoDraw = False
207.0679 	EXP 	grating: autoDraw = True
207.0679 	EXP 	grating: tex = 'sin'
207.3684 	EXP 	grating: autoDraw = False
207.4533 	EXP 	window1: recordFrameIntervals = False
207.4543 	DATA 	Keypress: left
207.4681 	EXP 	polygon: autoDraw = False
207.4681 	EXP 	grating: autoDraw = False
207.4683 	EXP 	window1: recordFrameIntervals = False
208.4670 	EXP 	polygon: autoDraw = True
209.4529 	EXP 	grating: autoDraw = True
209.4529 	EXP 	grating: tex = 'sin'
209.4703 	EXP 	polygon: autoDraw = False
209.7521 	EXP 	grating: autoDraw = False
209.8704 	EXP 	window1: recordFrameIntervals = False
209.8713 	DATA 	Keypress: right
209.8853 	EXP 	polygon: autoDraw = False
209.8853 	EXP 	grating: autoDraw = False
209.8855 	EXP 	window1: recordFrameIntervals = False
210.8844 	EXP 	polygon: autoDraw = True
211.8698 	EXP 	grating: autoDraw = True
211.8698 	EXP 	grating: tex = 'sin'
211.8862 	EXP 	polygon: autoDraw = False
212.1697 	EXP 	grating: autoDraw = False
212.1720 	EXP 	window1: recordFrameIntervals = False
212.1730 	DATA 	Keypress: right
212.1863 	EXP 	polygon: autoDraw = False
212.1863 	EXP 	grating: autoDraw = False
212.1864 	EXP 	window1: recordFrameIntervals = False
213.1856 	EXP 	polygon: autoDraw = True
214.1870 	EXP 	polygon: autoDraw = False
214.1870 	EXP 	grating: autoDraw = True
214.1870 	EXP 	grating: tex = 'sin'
214.4869 	EXP 	grating: autoDraw = False
214.6228 	EXP 	window1: recordFrameIntervals = False
214.6239 	DATA 	Keypress: right
214.6377 	EXP 	polygon: autoDraw = False
214.6377 	EXP 	grating: autoDraw = False
214.6379 	EXP 	window1: recordFrameIntervals = False
215.6368 	EXP 	polygon: autoDraw = True
216.6373 	EXP 	polygon: autoDraw = False
216.6373 	EXP 	grating: autoDraw = True
216.6373 	EXP 	grating: tex = 'sin'
216.9377 	EXP 	grating: autoDraw = False
217.0399 	EXP 	window1: recordFrameIntervals = False
217.0409 	DATA 	Keypress: left
217.0544 	EXP 	polygon: autoDraw = False
217.0544 	EXP 	grating: autoDraw = False
217.0546 	EXP 	window1: recordFrameIntervals = False
218.0533 	EXP 	polygon: autoDraw = True
219.0383 	EXP 	grating: autoDraw = True
219.0383 	EXP 	grating: tex = 'sin'
219.0554 	EXP 	polygon: autoDraw = False
219.3383 	EXP 	grating: autoDraw = False
219.4581 	DATA 	Keypress: left
219.4749 	EXP 	window1: recordFrameIntervals = False
219.4882 	EXP 	polygon: autoDraw = False
219.4882 	EXP 	grating: autoDraw = False
219.4884 	EXP 	window1: recordFrameIntervals = False
220.4873 	EXP 	polygon: autoDraw = True
221.4894 	EXP 	polygon: autoDraw = False
221.4894 	EXP 	grating: autoDraw = True
221.4894 	EXP 	grating: tex = 'sin'
221.7891 	EXP 	grating: autoDraw = False
221.9409 	EXP 	window1: recordFrameIntervals = False
221.9419 	DATA 	Keypress: left
221.9557 	EXP 	polygon: autoDraw = False
221.9557 	EXP 	grating: autoDraw = False
221.9559 	EXP 	window1: recordFrameIntervals = False
222.9550 	EXP 	polygon: autoDraw = True
223.9406 	EXP 	grating: autoDraw = True
223.9406 	EXP 	grating: tex = 'sin'
223.9578 	EXP 	polygon: autoDraw = False
224.2404 	EXP 	grating: autoDraw = False
224.3259 	EXP 	window1: recordFrameIntervals = False
224.3269 	DATA 	Keypress: left
224.3409 	EXP 	polygon: autoDraw = False
224.3409 	EXP 	grating: autoDraw = False
224.3411 	EXP 	window1: recordFrameIntervals = False
225.3397 	EXP 	polygon: autoDraw = True
226.3403 	EXP 	polygon: autoDraw = False
226.3403 	EXP 	grating: autoDraw = True
226.3403 	EXP 	grating: tex = 'sin'
226.6407 	EXP 	grating: autoDraw = False
226.9091 	EXP 	window1: recordFrameIntervals = False
226.9101 	DATA 	Keypress: right
226.9239 	EXP 	polygon: autoDraw = False
226.9239 	EXP 	grating: autoDraw = False
226.9241 	EXP 	window1: recordFrameIntervals = False
227.9229 	EXP 	polygon: autoDraw = True
228.9077 	EXP 	grating: autoDraw = True
228.9077 	EXP 	grating: tex = 'sin'
228.9245 	EXP 	polygon: autoDraw = False
229.2078 	EXP 	grating: autoDraw = False
229.3269 	EXP 	window1: recordFrameIntervals = False
229.3279 	DATA 	Keypress: right
229.3416 	EXP 	polygon: autoDraw = False
229.3416 	EXP 	grating: autoDraw = False
229.3417 	EXP 	window1: recordFrameIntervals = False
230.3403 	EXP 	polygon: autoDraw = True
231.3254 	EXP 	grating: autoDraw = True
231.3254 	EXP 	grating: tex = 'sin'
231.3421 	EXP 	polygon: autoDraw = False
231.6257 	EXP 	grating: autoDraw = False
231.7279 	EXP 	window1: recordFrameIntervals = False
231.7294 	DATA 	Keypress: left
231.7431 	EXP 	polygon: autoDraw = False
231.7431 	EXP 	grating: autoDraw = False
231.7433 	EXP 	window1: recordFrameIntervals = False
232.7411 	EXP 	polygon: autoDraw = True
233.7430 	EXP 	polygon: autoDraw = False
233.7430 	EXP 	grating: autoDraw = True
233.7430 	EXP 	grating: tex = 'sin'
234.0426 	EXP 	grating: autoDraw = False
234.1117 	EXP 	window1: recordFrameIntervals = False
234.1128 	DATA 	Keypress: right
234.1261 	EXP 	polygon: autoDraw = False
234.1261 	EXP 	grating: autoDraw = False
234.1265 	EXP 	window1: recordFrameIntervals = False
235.1269 	EXP 	polygon: autoDraw = True
236.1267 	EXP 	polygon: autoDraw = False
236.1267 	EXP 	grating: autoDraw = True
236.1267 	EXP 	grating: tex = 'sin'
236.4269 	EXP 	grating: autoDraw = False
236.4788 	EXP 	window1: recordFrameIntervals = False
236.4798 	DATA 	Keypress: right
236.4935 	EXP 	polygon: autoDraw = False
236.4935 	EXP 	grating: autoDraw = False
236.4936 	EXP 	window1: recordFrameIntervals = False
237.4925 	EXP 	polygon: autoDraw = True
238.4776 	EXP 	grating: autoDraw = True
238.4776 	EXP 	grating: tex = 'sin'
238.4940 	EXP 	polygon: autoDraw = False
238.7774 	EXP 	grating: autoDraw = False
238.8635 	EXP 	window1: recordFrameIntervals = False
238.8645 	DATA 	Keypress: left
238.8777 	EXP 	polygon: autoDraw = False
238.8777 	EXP 	grating: autoDraw = False
238.8779 	EXP 	window1: recordFrameIntervals = False
239.8766 	EXP 	polygon: autoDraw = True
240.8781 	EXP 	polygon: autoDraw = False
240.8781 	EXP 	grating: autoDraw = True
240.8781 	EXP 	grating: tex = 'sin'
241.1784 	EXP 	grating: autoDraw = False
241.3468 	EXP 	window1: recordFrameIntervals = False
241.3478 	DATA 	Keypress: left
241.3617 	EXP 	polygon: autoDraw = False
241.3617 	EXP 	grating: autoDraw = False
241.3619 	EXP 	window1: recordFrameIntervals = False
242.3608 	EXP 	polygon: autoDraw = True
243.3456 	EXP 	grating: autoDraw = True
243.3456 	EXP 	grating: tex = 'sin'
243.3625 	EXP 	polygon: autoDraw = False
243.6458 	EXP 	grating: autoDraw = False
243.7481 	EXP 	window1: recordFrameIntervals = False
243.7492 	DATA 	Keypress: left
243.7629 	EXP 	polygon: autoDraw = False
243.7629 	EXP 	grating: autoDraw = False
243.7631 	EXP 	window1: recordFrameIntervals = False
244.7614 	EXP 	polygon: autoDraw = True
245.7461 	EXP 	grating: autoDraw = True
245.7461 	EXP 	grating: tex = 'sin'
245.7629 	EXP 	polygon: autoDraw = False
246.0463 	EXP 	grating: autoDraw = False
246.1982 	EXP 	window1: recordFrameIntervals = False
246.1993 	DATA 	Keypress: left
246.2133 	EXP 	polygon: autoDraw = False
246.2133 	EXP 	grating: autoDraw = False
246.2135 	EXP 	window1: recordFrameIntervals = False
246.9832 	DATA 	Keypress: right
247.2122 	EXP 	polygon: autoDraw = True
248.1973 	EXP 	grating: autoDraw = True
248.1973 	EXP 	grating: tex = 'sin'
248.2136 	EXP 	polygon: autoDraw = False
248.4976 	EXP 	grating: autoDraw = False
248.5990 	EXP 	window1: recordFrameIntervals = False
248.6000 	DATA 	Keypress: left
248.6138 	EXP 	polygon: autoDraw = False
248.6138 	EXP 	grating: autoDraw = False
248.6139 	EXP 	window1: recordFrameIntervals = False
249.6140 	EXP 	polygon: autoDraw = True
250.5978 	EXP 	grating: autoDraw = True
250.5978 	EXP 	grating: tex = 'sin'
250.6146 	EXP 	polygon: autoDraw = False
250.8978 	EXP 	grating: autoDraw = False
250.9502 	EXP 	window1: recordFrameIntervals = False
250.9513 	DATA 	Keypress: right
250.9645 	EXP 	polygon: autoDraw = False
250.9645 	EXP 	grating: autoDraw = False
250.9647 	EXP 	window1: recordFrameIntervals = False
251.9635 	EXP 	polygon: autoDraw = True
252.9660 	EXP 	polygon: autoDraw = False
252.9660 	EXP 	grating: autoDraw = True
252.9660 	EXP 	grating: tex = 'sin'
253.2656 	EXP 	grating: autoDraw = False
253.3862 	EXP 	window1: recordFrameIntervals = False
253.3877 	DATA 	Keypress: right
253.3995 	EXP 	polygon: autoDraw = False
253.3995 	EXP 	grating: autoDraw = False
253.3997 	EXP 	window1: recordFrameIntervals = False
254.3986 	EXP 	polygon: autoDraw = True
255.3992 	EXP 	polygon: autoDraw = False
255.3992 	EXP 	grating: autoDraw = True
255.3992 	EXP 	grating: tex = 'sin'
255.6681 	EXP 	window1: recordFrameIntervals = False
255.6691 	DATA 	Keypress: left
255.6827 	EXP 	polygon: autoDraw = False
255.6827 	EXP 	grating: autoDraw = False
255.6829 	EXP 	window1: recordFrameIntervals = False
256.6819 	EXP 	polygon: autoDraw = True
257.6664 	EXP 	grating: autoDraw = True
257.6664 	EXP 	grating: tex = 'sin'
257.6838 	EXP 	polygon: autoDraw = False
257.9673 	EXP 	grating: autoDraw = False
258.2185 	EXP 	window1: recordFrameIntervals = False
258.2195 	DATA 	Keypress: left
258.2333 	EXP 	polygon: autoDraw = False
258.2333 	EXP 	grating: autoDraw = False
258.2335 	EXP 	window1: recordFrameIntervals = False
259.0036 	DATA 	Keypress: right
259.2325 	EXP 	polygon: autoDraw = True
260.2193 	EXP 	grating: autoDraw = True
260.2193 	EXP 	grating: tex = 'sin'
260.2355 	EXP 	polygon: autoDraw = False
260.5426 	EXP 	window1: recordFrameIntervals = False
260.5437 	DATA 	Keypress: left
260.5531 	EXP 	polygon: autoDraw = False
260.5531 	EXP 	grating: autoDraw = False
260.5533 	EXP 	window1: recordFrameIntervals = False
261.5507 	EXP 	polygon: autoDraw = True
262.5513 	EXP 	polygon: autoDraw = False
262.5513 	EXP 	grating: autoDraw = True
262.5513 	EXP 	grating: tex = 'sin'
262.8206 	EXP 	window1: recordFrameIntervals = False
262.8217 	DATA 	Keypress: right
262.8352 	EXP 	polygon: autoDraw = False
262.8352 	EXP 	grating: autoDraw = False
262.8354 	EXP 	window1: recordFrameIntervals = False
263.8339 	EXP 	polygon: autoDraw = True
264.8353 	EXP 	polygon: autoDraw = False
264.8353 	EXP 	grating: autoDraw = True
264.8353 	EXP 	grating: tex = 'sin'
265.1356 	EXP 	grating: autoDraw = False
265.2706 	EXP 	window1: recordFrameIntervals = False
265.2716 	DATA 	Keypress: right
265.2855 	EXP 	polygon: autoDraw = False
265.2855 	EXP 	grating: autoDraw = False
265.2856 	EXP 	window1: recordFrameIntervals = False
266.2851 	EXP 	polygon: autoDraw = True
267.2695 	EXP 	grating: autoDraw = True
267.2695 	EXP 	grating: tex = 'sin'
267.2864 	EXP 	polygon: autoDraw = False
267.5695 	EXP 	grating: autoDraw = False
267.6218 	EXP 	window1: recordFrameIntervals = False
267.6228 	DATA 	Keypress: right
267.6362 	EXP 	polygon: autoDraw = False
267.6362 	EXP 	grating: autoDraw = False
267.6364 	EXP 	window1: recordFrameIntervals = False
268.6353 	EXP 	polygon: autoDraw = True
269.6209 	EXP 	grating: autoDraw = True
269.6209 	EXP 	grating: tex = 'sin'
269.6376 	EXP 	polygon: autoDraw = False
269.9205 	EXP 	grating: autoDraw = False
269.9387 	EXP 	window1: recordFrameIntervals = False
269.9397 	DATA 	Keypress: right
269.9534 	EXP 	polygon: autoDraw = False
269.9534 	EXP 	grating: autoDraw = False
269.9536 	EXP 	window1: recordFrameIntervals = False
270.9526 	EXP 	polygon: autoDraw = True
271.9377 	EXP 	grating: autoDraw = True
271.9377 	EXP 	grating: tex = 'sin'
271.9544 	EXP 	polygon: autoDraw = False
272.2378 	EXP 	grating: autoDraw = False
272.2398 	EXP 	window1: recordFrameIntervals = False
272.2409 	DATA 	Keypress: right
272.2551 	EXP 	polygon: autoDraw = False
272.2551 	EXP 	grating: autoDraw = False
272.2553 	EXP 	window1: recordFrameIntervals = False
273.2534 	EXP 	polygon: autoDraw = True
274.2386 	EXP 	grating: autoDraw = True
274.2386 	EXP 	grating: tex = 'sin'
274.2552 	EXP 	polygon: autoDraw = False
274.5391 	EXP 	grating: autoDraw = False
274.7241 	EXP 	window1: recordFrameIntervals = False
274.7251 	DATA 	Keypress: right
274.7386 	EXP 	polygon: autoDraw = False
274.7386 	EXP 	grating: autoDraw = False
274.7388 	EXP 	window1: recordFrameIntervals = False
275.7378 	EXP 	polygon: autoDraw = True
276.7390 	EXP 	polygon: autoDraw = False
276.7390 	EXP 	grating: autoDraw = True
276.7390 	EXP 	grating: tex = 'sin'
277.0392 	EXP 	grating: autoDraw = False
277.5247 	EXP 	window1: recordFrameIntervals = False
277.5257 	DATA 	Keypress: left
277.5395 	EXP 	polygon: autoDraw = False
277.5395 	EXP 	grating: autoDraw = False
277.5397 	EXP 	window1: recordFrameIntervals = False
278.5391 	EXP 	polygon: autoDraw = True
279.5400 	EXP 	polygon: autoDraw = False
279.5400 	EXP 	grating: autoDraw = True
279.5400 	EXP 	grating: tex = 'sin'
279.8398 	EXP 	grating: autoDraw = False
279.9088 	EXP 	window1: recordFrameIntervals = False
279.9098 	DATA 	Keypress: right
279.9231 	EXP 	polygon: autoDraw = False
279.9231 	EXP 	grating: autoDraw = False
279.9233 	EXP 	window1: recordFrameIntervals = False
280.9225 	EXP 	polygon: autoDraw = True
281.9085 	EXP 	grating: autoDraw = True
281.9085 	EXP 	grating: tex = 'sin'
281.9253 	EXP 	polygon: autoDraw = False
282.2243 	EXP 	grating: autoDraw = False
282.4097 	EXP 	window1: recordFrameIntervals = False
282.4107 	DATA 	Keypress: right
282.4242 	EXP 	polygon: autoDraw = False
282.4242 	EXP 	grating: autoDraw = False
282.4244 	EXP 	window1: recordFrameIntervals = False
283.4238 	EXP 	polygon: autoDraw = True
284.4253 	EXP 	polygon: autoDraw = False
284.4253 	EXP 	grating: autoDraw = True
284.4253 	EXP 	grating: tex = 'sin'
284.7265 	EXP 	grating: autoDraw = False
284.7779 	EXP 	window1: recordFrameIntervals = False
284.7792 	DATA 	Keypress: left
284.7924 	EXP 	polygon: autoDraw = False
284.7924 	EXP 	grating: autoDraw = False
284.7926 	EXP 	window1: recordFrameIntervals = False
285.7915 	EXP 	polygon: autoDraw = True
286.7921 	EXP 	polygon: autoDraw = False
286.7921 	EXP 	grating: autoDraw = True
286.7921 	EXP 	grating: tex = 'sin'
287.0928 	EXP 	grating: autoDraw = False
287.1444 	EXP 	window1: recordFrameIntervals = False
287.1454 	DATA 	Keypress: left
287.1588 	EXP 	polygon: autoDraw = False
287.1588 	EXP 	grating: autoDraw = False
287.1590 	EXP 	window1: recordFrameIntervals = False
288.1576 	EXP 	polygon: autoDraw = True
289.1595 	EXP 	polygon: autoDraw = False
289.1595 	EXP 	grating: autoDraw = True
289.1595 	EXP 	grating: tex = 'sin'
289.4596 	EXP 	grating: autoDraw = False
289.7458 	EXP 	window1: recordFrameIntervals = False
289.7471 	DATA 	Keypress: left
289.7605 	EXP 	polygon: autoDraw = False
289.7605 	EXP 	grating: autoDraw = False
289.7607 	EXP 	window1: recordFrameIntervals = False
290.7587 	EXP 	polygon: autoDraw = True
291.7604 	EXP 	polygon: autoDraw = False
291.7604 	EXP 	grating: autoDraw = True
291.7604 	EXP 	grating: tex = 'sin'
292.0307 	EXP 	window1: recordFrameIntervals = False
292.0319 	DATA 	Keypress: right
292.0440 	EXP 	polygon: autoDraw = False
292.0440 	EXP 	grating: autoDraw = False
292.0442 	EXP 	window1: recordFrameIntervals = False
293.0444 	EXP 	polygon: autoDraw = True
294.0447 	EXP 	polygon: autoDraw = False
294.0447 	EXP 	grating: autoDraw = True
294.0447 	EXP 	grating: tex = 'sin'
294.3444 	EXP 	grating: autoDraw = False
294.4631 	EXP 	window1: recordFrameIntervals = False
294.4642 	DATA 	Keypress: left
294.4779 	EXP 	polygon: autoDraw = False
294.4779 	EXP 	grating: autoDraw = False
294.4781 	EXP 	window1: recordFrameIntervals = False
295.4765 	EXP 	polygon: autoDraw = True
296.4791 	EXP 	polygon: autoDraw = False
296.4791 	EXP 	grating: autoDraw = True
296.4791 	EXP 	grating: tex = 'sin'
296.7784 	EXP 	grating: autoDraw = False
296.9972 	EXP 	window1: recordFrameIntervals = False
296.9982 	DATA 	Keypress: left
297.0125 	EXP 	polygon: autoDraw = False
297.0125 	EXP 	grating: autoDraw = False
297.0127 	EXP 	window1: recordFrameIntervals = False
298.0109 	EXP 	polygon: autoDraw = True
298.9956 	EXP 	grating: autoDraw = True
298.9956 	EXP 	grating: tex = 'sin'
299.0124 	EXP 	polygon: autoDraw = False
299.2964 	EXP 	grating: autoDraw = False
299.2984 	EXP 	window1: recordFrameIntervals = False
299.2995 	DATA 	Keypress: right
299.3126 	EXP 	polygon: autoDraw = False
299.3126 	EXP 	grating: autoDraw = False
299.3128 	EXP 	window1: recordFrameIntervals = False
300.3115 	EXP 	polygon: autoDraw = True
301.3138 	EXP 	polygon: autoDraw = False
301.3138 	EXP 	grating: autoDraw = True
301.3138 	EXP 	grating: tex = 'sin'
301.6138 	EXP 	grating: autoDraw = False
301.7161 	EXP 	window1: recordFrameIntervals = False
301.7172 	DATA 	Keypress: left
301.7305 	EXP 	polygon: autoDraw = False
301.7305 	EXP 	grating: autoDraw = False
301.7307 	EXP 	window1: recordFrameIntervals = False
302.7288 	EXP 	polygon: autoDraw = True
303.7308 	EXP 	polygon: autoDraw = False
303.7308 	EXP 	grating: autoDraw = True
303.7308 	EXP 	grating: tex = 'sin'
304.0310 	EXP 	grating: autoDraw = False
304.1330 	EXP 	window1: recordFrameIntervals = False
304.1341 	DATA 	Keypress: left
304.1485 	EXP 	polygon: autoDraw = False
304.1485 	EXP 	grating: autoDraw = False
304.1487 	EXP 	window1: recordFrameIntervals = False
305.1464 	EXP 	polygon: autoDraw = True
306.1484 	EXP 	polygon: autoDraw = False
306.1484 	EXP 	grating: autoDraw = True
306.1484 	EXP 	grating: tex = 'sin'
306.4480 	EXP 	grating: autoDraw = False
306.6331 	EXP 	window1: recordFrameIntervals = False
306.6341 	DATA 	Keypress: right
306.6481 	EXP 	polygon: autoDraw = False
306.6481 	EXP 	grating: autoDraw = False
306.6483 	EXP 	window1: recordFrameIntervals = False
307.6470 	EXP 	polygon: autoDraw = True
308.6322 	EXP 	grating: autoDraw = True
308.6322 	EXP 	grating: tex = 'sin'
308.6486 	EXP 	polygon: autoDraw = False
308.9323 	EXP 	grating: autoDraw = False
308.9343 	EXP 	window1: recordFrameIntervals = False
308.9353 	DATA 	Keypress: left
308.9488 	EXP 	polygon: autoDraw = False
308.9488 	EXP 	grating: autoDraw = False
308.9490 	EXP 	window1: recordFrameIntervals = False
309.9488 	EXP 	polygon: autoDraw = True
310.9492 	EXP 	polygon: autoDraw = False
310.9492 	EXP 	grating: autoDraw = True
310.9492 	EXP 	grating: tex = 'sin'
311.2496 	EXP 	grating: autoDraw = False
311.4013 	EXP 	window1: recordFrameIntervals = False
311.4023 	DATA 	Keypress: left
311.4162 	EXP 	polygon: autoDraw = False
311.4162 	EXP 	grating: autoDraw = False
311.4164 	EXP 	window1: recordFrameIntervals = False
312.4161 	EXP 	polygon: autoDraw = True
313.4003 	EXP 	grating: autoDraw = True
313.4003 	EXP 	grating: tex = 'sin'
313.4170 	EXP 	polygon: autoDraw = False
313.7002 	EXP 	grating: autoDraw = False
313.8203 	EXP 	window1: recordFrameIntervals = False
313.8216 	DATA 	Keypress: left
313.8342 	EXP 	polygon: autoDraw = False
313.8342 	EXP 	grating: autoDraw = False
313.8345 	EXP 	window1: recordFrameIntervals = False
314.8335 	EXP 	polygon: autoDraw = True
315.8341 	EXP 	polygon: autoDraw = False
315.8341 	EXP 	grating: autoDraw = True
315.8341 	EXP 	grating: tex = 'sin'
316.1345 	EXP 	grating: autoDraw = False
316.2863 	EXP 	window1: recordFrameIntervals = False
316.2873 	DATA 	Keypress: right
316.3010 	EXP 	polygon: autoDraw = False
316.3010 	EXP 	grating: autoDraw = False
316.3012 	EXP 	window1: recordFrameIntervals = False
317.3000 	EXP 	polygon: autoDraw = True
318.3029 	EXP 	polygon: autoDraw = False
318.3029 	EXP 	grating: autoDraw = True
318.3029 	EXP 	grating: tex = 'sin'
318.6182 	EXP 	grating: autoDraw = False
318.6873 	EXP 	window1: recordFrameIntervals = False
318.6884 	DATA 	Keypress: left
318.7021 	EXP 	polygon: autoDraw = False
318.7021 	EXP 	grating: autoDraw = False
318.7023 	EXP 	window1: recordFrameIntervals = False
319.7007 	EXP 	polygon: autoDraw = True
320.7021 	EXP 	polygon: autoDraw = False
320.7021 	EXP 	grating: autoDraw = True
320.7021 	EXP 	grating: tex = 'sin'
321.0023 	EXP 	grating: autoDraw = False
321.1375 	EXP 	window1: recordFrameIntervals = False
321.1385 	DATA 	Keypress: left
321.1526 	EXP 	polygon: autoDraw = False
321.1526 	EXP 	grating: autoDraw = False
321.1528 	EXP 	window1: recordFrameIntervals = False
322.1514 	EXP 	polygon: autoDraw = True
323.1367 	EXP 	grating: autoDraw = True
323.1367 	EXP 	grating: tex = 'sin'
323.1534 	EXP 	polygon: autoDraw = False
323.4221 	EXP 	window1: recordFrameIntervals = False
323.4231 	DATA 	Keypress: right
323.4366 	EXP 	grating: autoDraw = False
323.4366 	EXP 	polygon: autoDraw = False
323.4366 	EXP 	grating: autoDraw = False
323.4368 	EXP 	window1: recordFrameIntervals = False
324.4366 	EXP 	polygon: autoDraw = True
325.4371 	EXP 	polygon: autoDraw = False
325.4371 	EXP 	grating: autoDraw = True
325.4371 	EXP 	grating: tex = 'sin'
325.7072 	EXP 	window1: recordFrameIntervals = False
325.7084 	DATA 	Keypress: left
325.7203 	EXP 	polygon: autoDraw = False
325.7203 	EXP 	grating: autoDraw = False
325.7205 	EXP 	window1: recordFrameIntervals = False
326.7215 	EXP 	polygon: autoDraw = True
327.7209 	EXP 	polygon: autoDraw = False
327.7209 	EXP 	grating: autoDraw = True
327.7209 	EXP 	grating: tex = 'sin'
328.0211 	EXP 	grating: autoDraw = False
328.0734 	EXP 	window1: recordFrameIntervals = False
328.0745 	DATA 	Keypress: left
328.0877 	EXP 	polygon: autoDraw = False
328.0877 	EXP 	grating: autoDraw = False
328.0879 	EXP 	window1: recordFrameIntervals = False
329.0868 	EXP 	polygon: autoDraw = True
330.0885 	EXP 	polygon: autoDraw = False
330.0885 	EXP 	grating: autoDraw = True
330.0885 	EXP 	grating: tex = 'sin'
330.3883 	EXP 	grating: autoDraw = False
330.4403 	EXP 	window1: recordFrameIntervals = False
330.4413 	DATA 	Keypress: left
330.4551 	EXP 	polygon: autoDraw = False
330.4551 	EXP 	grating: autoDraw = False
330.4553 	EXP 	window1: recordFrameIntervals = False
331.4542 	EXP 	polygon: autoDraw = True
332.4397 	EXP 	grating: autoDraw = True
332.4397 	EXP 	grating: tex = 'sin'
332.4560 	EXP 	polygon: autoDraw = False
332.7391 	EXP 	grating: autoDraw = False
332.7590 	EXP 	window1: recordFrameIntervals = False
332.7602 	DATA 	Keypress: left
332.7736 	EXP 	polygon: autoDraw = False
332.7736 	EXP 	grating: autoDraw = False
332.7738 	EXP 	window1: recordFrameIntervals = False
333.7725 	EXP 	polygon: autoDraw = True
334.7731 	EXP 	polygon: autoDraw = False
334.7731 	EXP 	grating: autoDraw = True
334.7731 	EXP 	grating: tex = 'sin'
335.0731 	EXP 	grating: autoDraw = False
335.1418 	EXP 	window1: recordFrameIntervals = False
335.1428 	DATA 	Keypress: right
335.1565 	EXP 	polygon: autoDraw = False
335.1565 	EXP 	grating: autoDraw = False
335.1566 	EXP 	window1: recordFrameIntervals = False
336.1557 	EXP 	polygon: autoDraw = True
337.1405 	EXP 	grating: autoDraw = True
337.1405 	EXP 	grating: tex = 'sin'
337.1572 	EXP 	polygon: autoDraw = False
337.4409 	EXP 	grating: autoDraw = False
337.5262 	EXP 	window1: recordFrameIntervals = False
337.5272 	DATA 	Keypress: right
337.5407 	EXP 	polygon: autoDraw = False
337.5407 	EXP 	grating: autoDraw = False
337.5409 	EXP 	window1: recordFrameIntervals = False
338.5397 	EXP 	polygon: autoDraw = True
339.5414 	EXP 	polygon: autoDraw = False
339.5414 	EXP 	grating: autoDraw = True
339.5414 	EXP 	grating: tex = 'sin'
339.8413 	EXP 	grating: autoDraw = False
339.8932 	EXP 	window1: recordFrameIntervals = False
339.8942 	DATA 	Keypress: left
339.9082 	EXP 	polygon: autoDraw = False
339.9082 	EXP 	grating: autoDraw = False
339.9083 	EXP 	window1: recordFrameIntervals = False
340.9071 	EXP 	polygon: autoDraw = True
341.8920 	EXP 	grating: autoDraw = True
341.8920 	EXP 	grating: tex = 'sin'
341.9085 	EXP 	polygon: autoDraw = False
342.1617 	EXP 	window1: recordFrameIntervals = False
342.1629 	DATA 	Keypress: right
342.1761 	EXP 	polygon: autoDraw = False
342.1761 	EXP 	grating: autoDraw = False
342.1763 	EXP 	window1: recordFrameIntervals = False
343.1747 	EXP 	polygon: autoDraw = True
344.1766 	EXP 	polygon: autoDraw = False
344.1766 	EXP 	grating: autoDraw = True
344.1766 	EXP 	grating: tex = 'sin'
344.4766 	EXP 	grating: autoDraw = False
344.5454 	EXP 	window1: recordFrameIntervals = False
344.5464 	DATA 	Keypress: right
344.5598 	EXP 	polygon: autoDraw = False
344.5598 	EXP 	grating: autoDraw = False
344.5599 	EXP 	window1: recordFrameIntervals = False
345.5594 	EXP 	polygon: autoDraw = True
346.5599 	EXP 	polygon: autoDraw = False
346.5599 	EXP 	grating: autoDraw = True
346.5599 	EXP 	grating: tex = 'sin'
346.8601 	EXP 	grating: autoDraw = False
346.9958 	EXP 	window1: recordFrameIntervals = False
346.9968 	DATA 	Keypress: right
347.0101 	EXP 	polygon: autoDraw = False
347.0101 	EXP 	grating: autoDraw = False
347.0103 	EXP 	window1: recordFrameIntervals = False
348.0090 	EXP 	polygon: autoDraw = True
348.9940 	EXP 	grating: autoDraw = True
348.9940 	EXP 	grating: tex = 'sin'
349.0108 	EXP 	polygon: autoDraw = False
349.2942 	EXP 	grating: autoDraw = False
349.3464 	EXP 	window1: recordFrameIntervals = False
349.3474 	DATA 	Keypress: right
349.3610 	EXP 	polygon: autoDraw = False
349.3610 	EXP 	grating: autoDraw = False
349.3613 	EXP 	window1: recordFrameIntervals = False
350.3601 	EXP 	polygon: autoDraw = True
351.3617 	EXP 	polygon: autoDraw = False
351.3617 	EXP 	grating: autoDraw = True
351.3617 	EXP 	grating: tex = 'sin'
351.6625 	EXP 	grating: autoDraw = False
351.6648 	EXP 	window1: recordFrameIntervals = False
351.6661 	DATA 	Keypress: right
351.6789 	EXP 	polygon: autoDraw = False
351.6789 	EXP 	grating: autoDraw = False
351.6791 	EXP 	window1: recordFrameIntervals = False
352.6772 	EXP 	polygon: autoDraw = True
353.6791 	EXP 	polygon: autoDraw = False
353.6791 	EXP 	grating: autoDraw = True
353.6791 	EXP 	grating: tex = 'sin'
353.9795 	EXP 	grating: autoDraw = False
353.9816 	EXP 	window1: recordFrameIntervals = False
353.9827 	DATA 	Keypress: left
353.9958 	EXP 	polygon: autoDraw = False
353.9958 	EXP 	grating: autoDraw = False
353.9960 	EXP 	window1: recordFrameIntervals = False
354.9947 	EXP 	polygon: autoDraw = True
355.9962 	EXP 	polygon: autoDraw = False
355.9962 	EXP 	grating: autoDraw = True
355.9962 	EXP 	grating: tex = 'sin'
356.2968 	EXP 	grating: autoDraw = False
356.3656 	EXP 	window1: recordFrameIntervals = False
356.3670 	DATA 	Keypress: left
356.3797 	EXP 	polygon: autoDraw = False
356.3797 	EXP 	grating: autoDraw = False
356.3800 	EXP 	window1: recordFrameIntervals = False
357.3787 	EXP 	polygon: autoDraw = True
358.3647 	EXP 	grating: autoDraw = True
358.3647 	EXP 	grating: tex = 'sin'
358.3810 	EXP 	polygon: autoDraw = False
358.6809 	EXP 	grating: autoDraw = False
358.6993 	EXP 	window1: recordFrameIntervals = False
358.7003 	DATA 	Keypress: left
358.7139 	EXP 	polygon: autoDraw = False
358.7139 	EXP 	grating: autoDraw = False
358.7141 	EXP 	window1: recordFrameIntervals = False
359.7125 	EXP 	polygon: autoDraw = True
360.7140 	EXP 	polygon: autoDraw = False
360.7140 	EXP 	grating: autoDraw = True
360.7140 	EXP 	grating: tex = 'sin'
361.0144 	EXP 	grating: autoDraw = False
361.0163 	EXP 	window1: recordFrameIntervals = False
361.0173 	DATA 	Keypress: left
361.0310 	EXP 	polygon: autoDraw = False
361.0310 	EXP 	grating: autoDraw = False
361.0312 	EXP 	window1: recordFrameIntervals = False
362.0301 	EXP 	polygon: autoDraw = True
363.0150 	EXP 	grating: autoDraw = True
363.0150 	EXP 	grating: tex = 'sin'
363.0320 	EXP 	polygon: autoDraw = False
363.3161 	EXP 	grating: autoDraw = False
363.3530 	EXP 	window1: recordFrameIntervals = False
363.3547 	DATA 	Keypress: right
363.3674 	EXP 	polygon: autoDraw = False
363.3674 	EXP 	grating: autoDraw = False
363.3676 	EXP 	window1: recordFrameIntervals = False
364.3652 	EXP 	polygon: autoDraw = True
365.3658 	EXP 	polygon: autoDraw = False
365.3658 	EXP 	grating: autoDraw = True
365.3658 	EXP 	grating: tex = 'sin'
365.6657 	EXP 	grating: autoDraw = False
365.7345 	EXP 	window1: recordFrameIntervals = False
365.7354 	DATA 	Keypress: left
365.7490 	EXP 	polygon: autoDraw = False
365.7490 	EXP 	grating: autoDraw = False
365.7492 	EXP 	window1: recordFrameIntervals = False
366.7483 	EXP 	polygon: autoDraw = True
367.7337 	EXP 	grating: autoDraw = True
367.7337 	EXP 	grating: tex = 'sin'
367.7505 	EXP 	polygon: autoDraw = False
368.0345 	EXP 	grating: autoDraw = False
368.0700 	EXP 	window1: recordFrameIntervals = False
368.0711 	DATA 	Keypress: right
368.0840 	EXP 	polygon: autoDraw = False
368.0840 	EXP 	grating: autoDraw = False
368.0842 	EXP 	window1: recordFrameIntervals = False
369.0831 	EXP 	polygon: autoDraw = True
370.0837 	EXP 	polygon: autoDraw = False
370.0837 	EXP 	grating: autoDraw = True
370.0837 	EXP 	grating: tex = 'sin'
370.3839 	EXP 	grating: autoDraw = False
370.4024 	EXP 	window1: recordFrameIntervals = False
370.4034 	DATA 	Keypress: left
370.4172 	EXP 	polygon: autoDraw = False
370.4172 	EXP 	grating: autoDraw = False
370.4173 	EXP 	window1: recordFrameIntervals = False
371.4164 	EXP 	polygon: autoDraw = True
372.4014 	EXP 	grating: autoDraw = True
372.4014 	EXP 	grating: tex = 'sin'
372.4178 	EXP 	polygon: autoDraw = False
372.7012 	EXP 	grating: autoDraw = False
372.8382 	EXP 	window1: recordFrameIntervals = False
372.8394 	DATA 	Keypress: left
372.8529 	EXP 	polygon: autoDraw = False
372.8529 	EXP 	grating: autoDraw = False
372.8532 	EXP 	window1: recordFrameIntervals = False
373.8510 	EXP 	polygon: autoDraw = True
374.8517 	EXP 	polygon: autoDraw = False
374.8517 	EXP 	grating: autoDraw = True
374.8517 	EXP 	grating: tex = 'sin'
375.1519 	EXP 	grating: autoDraw = False
375.2538 	EXP 	window1: recordFrameIntervals = False
375.2548 	DATA 	Keypress: left
375.2685 	EXP 	polygon: autoDraw = False
375.2685 	EXP 	grating: autoDraw = False
375.2687 	EXP 	window1: recordFrameIntervals = False
376.2677 	EXP 	polygon: autoDraw = True
377.2530 	EXP 	grating: autoDraw = True
377.2530 	EXP 	grating: tex = 'sin'
377.2703 	EXP 	polygon: autoDraw = False
377.5526 	EXP 	grating: autoDraw = False
377.6550 	EXP 	window1: recordFrameIntervals = False
377.6560 	DATA 	Keypress: left
377.6696 	EXP 	polygon: autoDraw = False
377.6696 	EXP 	grating: autoDraw = False
377.6697 	EXP 	window1: recordFrameIntervals = False
378.6685 	EXP 	polygon: autoDraw = True
379.6701 	EXP 	polygon: autoDraw = False
379.6701 	EXP 	grating: autoDraw = True
379.6701 	EXP 	grating: tex = 'sin'
379.9701 	EXP 	grating: autoDraw = False
379.9886 	EXP 	window1: recordFrameIntervals = False
379.9896 	DATA 	Keypress: left
380.0034 	EXP 	polygon: autoDraw = False
380.0034 	EXP 	grating: autoDraw = False
380.0036 	EXP 	window1: recordFrameIntervals = False
381.0026 	EXP 	polygon: autoDraw = True
381.9874 	EXP 	grating: autoDraw = True
381.9874 	EXP 	grating: tex = 'sin'
382.0040 	EXP 	polygon: autoDraw = False
382.2881 	EXP 	grating: autoDraw = False
382.3561 	EXP 	window1: recordFrameIntervals = False
382.3571 	DATA 	Keypress: right
382.3709 	EXP 	polygon: autoDraw = False
382.3709 	EXP 	grating: autoDraw = False
382.3711 	EXP 	window1: recordFrameIntervals = False
383.3698 	EXP 	polygon: autoDraw = True
384.3547 	EXP 	grating: autoDraw = True
384.3547 	EXP 	grating: tex = 'sin'
384.3721 	EXP 	polygon: autoDraw = False
384.6405 	EXP 	window1: recordFrameIntervals = False
384.6415 	DATA 	Keypress: left
384.6548 	EXP 	grating: autoDraw = False
384.6548 	EXP 	polygon: autoDraw = False
384.6548 	EXP 	grating: autoDraw = False
384.6550 	EXP 	window1: recordFrameIntervals = False
385.6578 	EXP 	polygon: autoDraw = True
386.6556 	EXP 	grating: autoDraw = True
386.6556 	EXP 	grating: tex = 'sin'
386.6720 	EXP 	polygon: autoDraw = False
386.9556 	EXP 	grating: autoDraw = False
386.9910 	DATA 	Keypress: left
387.0055 	EXP 	polygon: autoDraw = False
387.0055 	EXP 	grating: autoDraw = False
387.5197 	EXP 	window1: mouseVisible = True
